<?xml version="1.0" encoding="UTF-8"?>
<testsuite xmlns:xsi="http://www.w3.org/2001/XMLSchema-instance" xsi:noNamespaceSchemaLocation="https://maven.apache.org/surefire/maven-surefire-plugin/xsd/surefire-test-report.xsd" name="se.yrgo.BookCatalogTest" time="0.095" tests="5" errors="0" skipped="0" failures="0">
  <properties>
[...]
</properties>
  <testcase name="testAddBook" classname="se.yrgo.BookCatalogTest" time="0.054"/>
  <testcase name="testFindBook" classname="se.yrgo.BookCatalogTest" time="0.002"/>
  <testcase name="testFindBookIgnoringCase" classname="se.yrgo.BookCatalogTest" time="0.002"/>
  <testcase name="testFindBookWithExtraSpaces" classname="se.yrgo.BookCatalogTest" time="0.002"/>
  <testcase name="testFindBookThatDoesntExist" classname="se.yrgo.BookCatalogTest" time="0.005"/>
</testsuite>